<?xml version="1.0" encoding="UTF-8"?>
<testsuite xmlns:xsi="http://www.w3.org/2001/XMLSchema-instance" xsi:noNamespaceSchemaLocation="https://maven.apache.org/surefire/maven-surefire-plugin/xsd/surefire-test-report.xsd" name="TestSuite" time="216.073" tests="17" errors="0" skipped="8" failures="5">
  <properties>
[...]
</properties>
  <testcase name="checkBtnBlueTest" classname="kite.qa.testScripts.DashboardPageTest" time="26.141">
    <failure message="Unable to locate element: //div[@class=&apos;su-checkbox-group&apos;]//span[text()=&apos;Set stoploss&apos;]//preceding-sibling::span&#10;For documentation on this error, please visit: https://www.seleniumhq.org/exceptions/no_such_element.html&#10;Build info: version: &apos;3.141.59&apos;, revision: &apos;e82be7d358&apos;, time: &apos;2018-11-14T08:17:03&apos;&#10;System info: host: &apos;LAPTOP-IKS9SD1L&apos;, ip: &apos;192.168.194.1&apos;, os.name: &apos;Windows 10&apos;, os.arch: &apos;amd64&apos;, os.version: &apos;10.0&apos;, java.version: &apos;15.0.1&apos;&#10;Driver info: org.openqa.selenium.firefox.FirefoxDriver&#10;Capabilities {acceptInsecureCerts: true, browserName: firefox, browserVersion: 85.0, javascriptEnabled: true, moz:accessibilityChecks: false, moz:buildID: 20210118153634, moz:geckodriverVersion: 0.29.0, moz:headless: false, moz:processID: 23016, moz:profile: C:\Users\Sharayu\AppData\Lo..., moz:shutdownTimeout: 60000, moz:useNonSpecCompliantPointerOrigin: false, moz:webdriverClick: true, pageLoadStrategy: normal, platform: WINDOWS, platformName: WINDOWS, platformVersion: 10.0, rotatable: false, setWindowRect: true, strictFileInteractability: false, timeouts: {implicit: 0, pageLoad: 300000, script: 30000}, unhandledPromptBehavior: dismiss and notify}&#10;Session ID: fbc50705-de1b-420d-b6e6-97430996d859&#10;*** Element info: {Using=xpath, value=//div[@class=&apos;su-checkbox-group&apos;]//span[text()=&apos;Set stoploss&apos;]//preceding-sibling::span}" type="org.openqa.selenium.NoSuchElementException">org.openqa.selenium.NoSuchElementException: 
Unable to locate element: //div[@class='su-checkbox-group']//span[text()='Set stoploss']//preceding-sibling::span
For documentation on this error, please visit: https://www.seleniumhq.org/exceptions/no_such_element.html
Build info: version: '3.141.59', revision: 'e82be7d358', time: '2018-11-14T08:17:03'
System info: host: 'LAPTOP-IKS9SD1L', ip: '192.168.194.1', os.name: 'Windows 10', os.arch: 'amd64', os.version: '10.0', java.version: '15.0.1'
Driver info: org.openqa.selenium.firefox.FirefoxDriver
Capabilities {acceptInsecureCerts: true, browserName: firefox, browserVersion: 85.0, javascriptEnabled: true, moz:accessibilityChecks: false, moz:buildID: 20210118153634, moz:geckodriverVersion: 0.29.0, moz:headless: false, moz:processID: 23016, moz:profile: C:\Users\Sharayu\AppData\Lo..., moz:shutdownTimeout: 60000, moz:useNonSpecCompliantPointerOrigin: false, moz:webdriverClick: true, pageLoadStrategy: normal, platform: WINDOWS, platformName: WINDOWS, platformVersion: 10.0, rotatable: false, setWindowRect: true, strictFileInteractability: false, timeouts: {implicit: 0, pageLoad: 300000, script: 30000}, unhandledPromptBehavior: dismiss and notify}
Session ID: fbc50705-de1b-420d-b6e6-97430996d859
*** Element info: {Using=xpath, value=//div[@class='su-checkbox-group']//span[text()='Set stoploss']//preceding-sibling::span}
	at kite.qa.testScripts.DashboardPageTest.checkBtnBlueTest(DashboardPageTest.java:67)
</failure>
    <system-out><![CDATA[Before navigating to: 'https://kite.zerodha.com'
Navigated to:'https://kite.zerodha.com'
Trying to click on: [[FirefoxDriver: firefox on WINDOWS (fbc50705-de1b-420d-b6e6-97430996d859)] -> xpath: //button[@type='submit']]
Clicked on: [[FirefoxDriver: firefox on WINDOWS (fbc50705-de1b-420d-b6e6-97430996d859)] -> xpath: //button[@type='submit']]
Trying to click on: [[FirefoxDriver: firefox on WINDOWS (fbc50705-de1b-420d-b6e6-97430996d859)] -> xpath: //button[@type='submit']]
Clicked on: [[FirefoxDriver: firefox on WINDOWS (fbc50705-de1b-420d-b6e6-97430996d859)] -> xpath: //button[@type='submit']]
Trying to click on: [[FirefoxDriver: firefox on WINDOWS (fbc50705-de1b-420d-b6e6-97430996d859)] -> xpath: //button[@class='button-blue buy']]
Clicked on: [[FirefoxDriver: firefox on WINDOWS (fbc50705-de1b-420d-b6e6-97430996d859)] -> xpath: //button[@class='button-blue buy']]
]]></system-out>
    <system-err><![CDATA[1612758677988	geckodriver	INFO	Listening on 127.0.0.1:32842
1612758685248	mozrunner::runner	INFO	Running command: "C:\\Program Files\\Mozilla Firefox\\firefox.exe" "--marionette" "-foreground" "-no-remote" "-profile" "C:\\Users\\Sharayu\\AppData\\Local\\Temp\\rust_mozprofileyVu0gF"
console.warn: SearchSettings: "get: No settings file exists, new profile?" (new Error("", "(unknown module)"))
1612758688178	Marionette	INFO	Listening on port 64654
1612758688500	Marionette	WARN	TLS certificate errors will be ignored for this session
1612758688514	Marionette	ERROR	[15] No reply from Marionette:Register
Feb 08, 2021 10:01:28 AM org.openqa.selenium.remote.ProtocolHandshake createSession
INFO: Detected dialect: W3C
JavaScript error: resource://gre/modules/XULStore.jsm, line 66: Error: Can't find profile directory.
JavaScript error: resource://gre/modules/XULStore.jsm, line 66: Error: Can't find profile directory.
]]></system-err>
  </testcase>
  <testcase name="checkMarketULTest" classname="kite.qa.testScripts.DashboardPageTest" time="2.621"/>
  <testcase name="checkNicknameTest" classname="kite.qa.testScripts.DashboardPageTest" time="1.976">
    <failure message="expected [Ravi] but found []" type="java.lang.AssertionError">java.lang.AssertionError: expected [Ravi] but found []
	at kite.qa.testScripts.DashboardPageTest.checkNicknameTest(DashboardPageTest.java:62)
</failure>
    <system-out><![CDATA[Before navigating to: 'https://kite.zerodha.com'
Navigated to:'https://kite.zerodha.com'
Trying to click on: [[FirefoxDriver: firefox on WINDOWS (2aefbe51-18a5-465c-8f06-c0ec5390cc11)] -> xpath: //button[@type='submit']]
Clicked on: [[FirefoxDriver: firefox on WINDOWS (2aefbe51-18a5-465c-8f06-c0ec5390cc11)] -> xpath: //button[@type='submit']]
Trying to click on: [[FirefoxDriver: firefox on WINDOWS (2aefbe51-18a5-465c-8f06-c0ec5390cc11)] -> xpath: //button[@type='submit']]
Clicked on: [[FirefoxDriver: firefox on WINDOWS (2aefbe51-18a5-465c-8f06-c0ec5390cc11)] -> xpath: //button[@type='submit']]

]]></system-out>
    <system-err><![CDATA[1612758757292	Marionette	INFO	Stopped listening on port 64749
1612758758081	geckodriver	INFO	Listening on 127.0.0.1:35253
1612758758618	mozrunner::runner	INFO	Running command: "C:\\Program Files\\Mozilla Firefox\\firefox.exe" "--marionette" "-foreground" "-no-remote" "-profile" "C:\\Users\\Sharayu\\AppData\\Local\\Temp\\rust_mozprofileFIT04e"
console.warn: SearchSettings: "get: No settings file exists, new profile?" (new Error("", "(unknown module)"))
1612758760514	Marionette	INFO	Listening on port 64815
1612758760663	Marionette	WARN	TLS certificate errors will be ignored for this session
1612758760677	Marionette	ERROR	[15] No reply from Marionette:Register
Feb 08, 2021 10:02:40 AM org.openqa.selenium.remote.ProtocolHandshake createSession
INFO: Detected dialect: W3C
]]></system-err>
  </testcase>
  <testcase name="checkSearchMarketTest" classname="kite.qa.testScripts.DashboardPageTest" time="25.279"/>
  <testcase name="setup" classname="kite.qa.testScripts.DashboardPageTest" time="53.027">
    <failure message="Unable to locate element: //*[@id=&quot;container&quot;]/div/div/div/form/div[2]/div/input&#10;For documentation on this error, please visit: https://www.seleniumhq.org/exceptions/no_such_element.html&#10;Build info: version: &apos;3.141.59&apos;, revision: &apos;e82be7d358&apos;, time: &apos;2018-11-14T08:17:03&apos;&#10;System info: host: &apos;LAPTOP-IKS9SD1L&apos;, ip: &apos;192.168.194.1&apos;, os.name: &apos;Windows 10&apos;, os.arch: &apos;amd64&apos;, os.version: &apos;10.0&apos;, java.version: &apos;15.0.1&apos;&#10;Driver info: org.openqa.selenium.firefox.FirefoxDriver&#10;Capabilities {acceptInsecureCerts: true, browserName: firefox, browserVersion: 85.0, javascriptEnabled: true, moz:accessibilityChecks: false, moz:buildID: 20210118153634, moz:geckodriverVersion: 0.29.0, moz:headless: false, moz:processID: 13016, moz:profile: C:\Users\Sharayu\AppData\Lo..., moz:shutdownTimeout: 60000, moz:useNonSpecCompliantPointerOrigin: false, moz:webdriverClick: true, pageLoadStrategy: normal, platform: WINDOWS, platformName: WINDOWS, platformVersion: 10.0, rotatable: false, setWindowRect: true, strictFileInteractability: false, timeouts: {implicit: 0, pageLoad: 300000, script: 30000}, unhandledPromptBehavior: dismiss and notify}&#10;Session ID: ca051f67-63d4-431f-8b0b-2d86debb8cba&#10;*** Element info: {Using=xpath, value=//*[@id=&quot;container&quot;]/div/div/div/form/div[2]/div/input}" type="org.openqa.selenium.NoSuchElementException">org.openqa.selenium.NoSuchElementException: 
Unable to locate element: //*[@id="container"]/div/div/div/form/div[2]/div/input
For documentation on this error, please visit: https://www.seleniumhq.org/exceptions/no_such_element.html
Build info: version: '3.141.59', revision: 'e82be7d358', time: '2018-11-14T08:17:03'
System info: host: 'LAPTOP-IKS9SD1L', ip: '192.168.194.1', os.name: 'Windows 10', os.arch: 'amd64', os.version: '10.0', java.version: '15.0.1'
Driver info: org.openqa.selenium.firefox.FirefoxDriver
Capabilities {acceptInsecureCerts: true, browserName: firefox, browserVersion: 85.0, javascriptEnabled: true, moz:accessibilityChecks: false, moz:buildID: 20210118153634, moz:geckodriverVersion: 0.29.0, moz:headless: false, moz:processID: 13016, moz:profile: C:\Users\Sharayu\AppData\Lo..., moz:shutdownTimeout: 60000, moz:useNonSpecCompliantPointerOrigin: false, moz:webdriverClick: true, pageLoadStrategy: normal, platform: WINDOWS, platformName: WINDOWS, platformVersion: 10.0, rotatable: false, setWindowRect: true, strictFileInteractability: false, timeouts: {implicit: 0, pageLoad: 300000, script: 30000}, unhandledPromptBehavior: dismiss and notify}
Session ID: ca051f67-63d4-431f-8b0b-2d86debb8cba
*** Element info: {Using=xpath, value=//*[@id="container"]/div/div/div/form/div[2]/div/input}
	at kite.qa.testScripts.DashboardPageTest.setup(DashboardPageTest.java:34)
</failure>
    <system-out><![CDATA[Before navigating to: 'https://kite.zerodha.com'
Navigated to:'https://kite.zerodha.com'
Trying to click on: [[FirefoxDriver: firefox on WINDOWS (ca051f67-63d4-431f-8b0b-2d86debb8cba)] -> xpath: //button[@type='submit']]
Clicked on: [[FirefoxDriver: firefox on WINDOWS (ca051f67-63d4-431f-8b0b-2d86debb8cba)] -> xpath: //button[@type='submit']]
]]></system-out>
    <system-err><![CDATA[1612758811632	Marionette	INFO	Stopped listening on port 64874

###!!! [Child][RunMessage] Error: Channel closing: too late to send/recv, messages will be lost

1612758812585	geckodriver	INFO	Listening on 127.0.0.1:20970
1612758813110	mozrunner::runner	INFO	Running command: "C:\\Program Files\\Mozilla Firefox\\firefox.exe" "--marionette" "-foreground" "-no-remote" "-profile" "C:\\Users\\Sharayu\\AppData\\Local\\Temp\\rust_mozprofile5yDVsT"
console.warn: SearchSettings: "get: No settings file exists, new profile?" (new Error("", "(unknown module)"))
1612758815555	Marionette	INFO	Listening on port 64940
1612758815797	Marionette	WARN	TLS certificate errors will be ignored for this session
1612758815811	Marionette	ERROR	[15] No reply from Marionette:Register
Feb 08, 2021 10:03:35 AM org.openqa.selenium.remote.ProtocolHandshake createSession
INFO: Detected dialect: W3C
]]></system-err>
  </testcase>
  <testcase name="setup" classname="kite.qa.testScripts.DashboardPageTest" time="0">
    <skipped/>
  </testcase>
  <testcase name="setup" classname="kite.qa.testScripts.DashboardPageTest" time="0">
    <skipped/>
  </testcase>
  <testcase name="checkUserIdLabelTest" classname="kite.qa.testScripts.DashboardPageTest" time="0">
    <skipped message="Unable to locate element: //*[@id=&quot;container&quot;]/div/div/div/form/div[2]/div/input&#10;For documentation on this error, please visit: https://www.seleniumhq.org/exceptions/no_such_element.html&#10;Build info: version: &apos;3.141.59&apos;, revision: &apos;e82be7d358&apos;, time: &apos;2018-11-14T08:17:03&apos;&#10;System info: host: &apos;LAPTOP-IKS9SD1L&apos;, ip: &apos;192.168.194.1&apos;, os.name: &apos;Windows 10&apos;, os.arch: &apos;amd64&apos;, os.version: &apos;10.0&apos;, java.version: &apos;15.0.1&apos;&#10;Driver info: org.openqa.selenium.firefox.FirefoxDriver&#10;Capabilities {acceptInsecureCerts: true, browserName: firefox, browserVersion: 85.0, javascriptEnabled: true, moz:accessibilityChecks: false, moz:buildID: 20210118153634, moz:geckodriverVersion: 0.29.0, moz:headless: false, moz:processID: 13016, moz:profile: C:\Users\Sharayu\AppData\Lo..., moz:shutdownTimeout: 60000, moz:useNonSpecCompliantPointerOrigin: false, moz:webdriverClick: true, pageLoadStrategy: normal, platform: WINDOWS, platformName: WINDOWS, platformVersion: 10.0, rotatable: false, setWindowRect: true, strictFileInteractability: false, timeouts: {implicit: 0, pageLoad: 300000, script: 30000}, unhandledPromptBehavior: dismiss and notify}&#10;Session ID: ca051f67-63d4-431f-8b0b-2d86debb8cba&#10;*** Element info: {Using=xpath, value=//*[@id=&quot;container&quot;]/div/div/div/form/div[2]/div/input}"/>
  </testcase>
  <testcase name="tearDown" classname="kite.qa.testScripts.DashboardPageTest" time="0">
    <skipped/>
  </testcase>
  <testcase name="tearDown" classname="kite.qa.testScripts.DashboardPageTest" time="0">
    <skipped/>
  </testcase>
  <testcase name="tearDown" classname="kite.qa.testScripts.DashboardPageTest" time="0">
    <skipped/>
  </testcase>
  <testcase name="checkUserImageTest" classname="kite.qa.testScripts.DashboardPageTest" time="0">
    <skipped message="Unable to locate element: //*[@id=&quot;container&quot;]/div/div/div/form/div[2]/div/input&#10;For documentation on this error, please visit: https://www.seleniumhq.org/exceptions/no_such_element.html&#10;Build info: version: &apos;3.141.59&apos;, revision: &apos;e82be7d358&apos;, time: &apos;2018-11-14T08:17:03&apos;&#10;System info: host: &apos;LAPTOP-IKS9SD1L&apos;, ip: &apos;192.168.194.1&apos;, os.name: &apos;Windows 10&apos;, os.arch: &apos;amd64&apos;, os.version: &apos;10.0&apos;, java.version: &apos;15.0.1&apos;&#10;Driver info: org.openqa.selenium.firefox.FirefoxDriver&#10;Capabilities {acceptInsecureCerts: true, browserName: firefox, browserVersion: 85.0, javascriptEnabled: true, moz:accessibilityChecks: false, moz:buildID: 20210118153634, moz:geckodriverVersion: 0.29.0, moz:headless: false, moz:processID: 13016, moz:profile: C:\Users\Sharayu\AppData\Lo..., moz:shutdownTimeout: 60000, moz:useNonSpecCompliantPointerOrigin: false, moz:webdriverClick: true, pageLoadStrategy: normal, platform: WINDOWS, platformName: WINDOWS, platformVersion: 10.0, rotatable: false, setWindowRect: true, strictFileInteractability: false, timeouts: {implicit: 0, pageLoad: 300000, script: 30000}, unhandledPromptBehavior: dismiss and notify}&#10;Session ID: ca051f67-63d4-431f-8b0b-2d86debb8cba&#10;*** Element info: {Using=xpath, value=//*[@id=&quot;container&quot;]/div/div/div/form/div[2]/div/input}"/>
  </testcase>
  <testcase name="getTitleTest" classname="kite.qa.testScripts.DashboardPageTest" time="0">
    <skipped message="Unable to locate element: //*[@id=&quot;container&quot;]/div/div/div/form/div[2]/div/input&#10;For documentation on this error, please visit: https://www.seleniumhq.org/exceptions/no_such_element.html&#10;Build info: version: &apos;3.141.59&apos;, revision: &apos;e82be7d358&apos;, time: &apos;2018-11-14T08:17:03&apos;&#10;System info: host: &apos;LAPTOP-IKS9SD1L&apos;, ip: &apos;192.168.194.1&apos;, os.name: &apos;Windows 10&apos;, os.arch: &apos;amd64&apos;, os.version: &apos;10.0&apos;, java.version: &apos;15.0.1&apos;&#10;Driver info: org.openqa.selenium.firefox.FirefoxDriver&#10;Capabilities {acceptInsecureCerts: true, browserName: firefox, browserVersion: 85.0, javascriptEnabled: true, moz:accessibilityChecks: false, moz:buildID: 20210118153634, moz:geckodriverVersion: 0.29.0, moz:headless: false, moz:processID: 13016, moz:profile: C:\Users\Sharayu\AppData\Lo..., moz:shutdownTimeout: 60000, moz:useNonSpecCompliantPointerOrigin: false, moz:webdriverClick: true, pageLoadStrategy: normal, platform: WINDOWS, platformName: WINDOWS, platformVersion: 10.0, rotatable: false, setWindowRect: true, strictFileInteractability: false, timeouts: {implicit: 0, pageLoad: 300000, script: 30000}, unhandledPromptBehavior: dismiss and notify}&#10;Session ID: ca051f67-63d4-431f-8b0b-2d86debb8cba&#10;*** Element info: {Using=xpath, value=//*[@id=&quot;container&quot;]/div/div/div/form/div[2]/div/input}"/>
  </testcase>
  <testcase name="checkTitleTest" classname="kite.qa.testScripts.LoginPage2Test" time="0.005">
    <failure message="Title of 2nd Login Page is incorrect.. expected [Kite - Zerodha&apos;s fast and elegant flagship trading platform.] but found [Kite - Zerodha&apos;s fast and elegant flagship trading platform]" type="java.lang.AssertionError">java.lang.AssertionError: Title of 2nd Login Page is incorrect.. expected [Kite - Zerodha's fast and elegant flagship trading platform.] but found [Kite - Zerodha's fast and elegant flagship trading platform]
	at kite.qa.testScripts.LoginPage2Test.checkTitleTest(LoginPage2Test.java:39)
</failure>
    <system-out><![CDATA[Before navigating to: 'https://kite.zerodha.com'
Navigated to:'https://kite.zerodha.com'
Trying to click on: [[FirefoxDriver: firefox on WINDOWS (aa6d226c-f127-4efd-bf81-889b577eea0d)] -> xpath: //button[@type='submit']]
Clicked on: [[FirefoxDriver: firefox on WINDOWS (aa6d226c-f127-4efd-bf81-889b577eea0d)] -> xpath: //button[@type='submit']]
Kite - Zerodha's fast and elegant flagship trading platform
]]></system-out>
    <system-err><![CDATA[1612758839426	geckodriver	INFO	Listening on 127.0.0.1:18269
1612758839935	mozrunner::runner	INFO	Running command: "C:\\Program Files\\Mozilla Firefox\\firefox.exe" "--marionette" "-foreground" "-no-remote" "-profile" "C:\\Users\\Sharayu\\AppData\\Local\\Temp\\rust_mozprofilevXRHC8"
console.warn: SearchSettings: "get: No settings file exists, new profile?" (new Error("", "(unknown module)"))
1612758841962	Marionette	INFO	Listening on port 65015
1612758842005	Marionette	WARN	TLS certificate errors will be ignored for this session
1612758842032	Marionette	ERROR	[15] No reply from Marionette:Register
Feb 08, 2021 10:04:02 AM org.openqa.selenium.remote.ProtocolHandshake createSession
INFO: Detected dialect: W3C
]]></system-err>
  </testcase>
  <testcase name="checkPinTest" classname="kite.qa.testScripts.LoginPage2Test" time="20.034">
    <failure message="Unable to locate element: //*[@id=&quot;container&quot;]/div/div/div/form/div[2]/div/input&#10;For documentation on this error, please visit: https://www.seleniumhq.org/exceptions/no_such_element.html&#10;Build info: version: &apos;3.141.59&apos;, revision: &apos;e82be7d358&apos;, time: &apos;2018-11-14T08:17:03&apos;&#10;System info: host: &apos;LAPTOP-IKS9SD1L&apos;, ip: &apos;192.168.194.1&apos;, os.name: &apos;Windows 10&apos;, os.arch: &apos;amd64&apos;, os.version: &apos;10.0&apos;, java.version: &apos;15.0.1&apos;&#10;Driver info: org.openqa.selenium.firefox.FirefoxDriver&#10;Capabilities {acceptInsecureCerts: true, browserName: firefox, browserVersion: 85.0, javascriptEnabled: true, moz:accessibilityChecks: false, moz:buildID: 20210118153634, moz:geckodriverVersion: 0.29.0, moz:headless: false, moz:processID: 19296, moz:profile: C:\Users\Sharayu\AppData\Lo..., moz:shutdownTimeout: 60000, moz:useNonSpecCompliantPointerOrigin: false, moz:webdriverClick: true, pageLoadStrategy: normal, platform: WINDOWS, platformName: WINDOWS, platformVersion: 10.0, rotatable: false, setWindowRect: true, strictFileInteractability: false, timeouts: {implicit: 0, pageLoad: 300000, script: 30000}, unhandledPromptBehavior: dismiss and notify}&#10;Session ID: 1416567f-ae66-4b00-9e30-f93e7e59e91e&#10;*** Element info: {Using=xpath, value=//*[@id=&quot;container&quot;]/div/div/div/form/div[2]/div/input}" type="org.openqa.selenium.NoSuchElementException">org.openqa.selenium.NoSuchElementException: 
Unable to locate element: //*[@id="container"]/div/div/div/form/div[2]/div/input
For documentation on this error, please visit: https://www.seleniumhq.org/exceptions/no_such_element.html
Build info: version: '3.141.59', revision: 'e82be7d358', time: '2018-11-14T08:17:03'
System info: host: 'LAPTOP-IKS9SD1L', ip: '192.168.194.1', os.name: 'Windows 10', os.arch: 'amd64', os.version: '10.0', java.version: '15.0.1'
Driver info: org.openqa.selenium.firefox.FirefoxDriver
Capabilities {acceptInsecureCerts: true, browserName: firefox, browserVersion: 85.0, javascriptEnabled: true, moz:accessibilityChecks: false, moz:buildID: 20210118153634, moz:geckodriverVersion: 0.29.0, moz:headless: false, moz:processID: 19296, moz:profile: C:\Users\Sharayu\AppData\Lo..., moz:shutdownTimeout: 60000, moz:useNonSpecCompliantPointerOrigin: false, moz:webdriverClick: true, pageLoadStrategy: normal, platform: WINDOWS, platformName: WINDOWS, platformVersion: 10.0, rotatable: false, setWindowRect: true, strictFileInteractability: false, timeouts: {implicit: 0, pageLoad: 300000, script: 30000}, unhandledPromptBehavior: dismiss and notify}
Session ID: 1416567f-ae66-4b00-9e30-f93e7e59e91e
*** Element info: {Using=xpath, value=//*[@id="container"]/div/div/div/form/div[2]/div/input}
	at kite.qa.testScripts.LoginPage2Test.checkPinTest(LoginPage2Test.java:44)
</failure>
    <system-out><![CDATA[Before navigating to: 'https://kite.zerodha.com'
Navigated to:'https://kite.zerodha.com'
Trying to click on: [[FirefoxDriver: firefox on WINDOWS (1416567f-ae66-4b00-9e30-f93e7e59e91e)] -> xpath: //button[@type='submit']]
Clicked on: [[FirefoxDriver: firefox on WINDOWS (1416567f-ae66-4b00-9e30-f93e7e59e91e)] -> xpath: //button[@type='submit']]
]]></system-out>
    <system-err><![CDATA[1612758845548	Marionette	INFO	Stopped listening on port 65015
JavaScript error: resource://activity-stream/lib/ASRouter.jsm, line 987: NS_ERROR_ILLEGAL_VALUE: Component returned failure code: 0x80070057 (NS_ERROR_ILLEGAL_VALUE) [nsIObserverService.removeObserver]
[Parent 7716, IPC I/O Parent] WARNING: file /builds/worker/checkouts/gecko/ipc/chromium/src/base/process_util_win.cc:167

###!!! [Child][RunMessage] Error: Channel closing: too late to send/recv, messages will be lost

1612758846266	geckodriver	INFO	Listening on 127.0.0.1:43954
1612758846799	mozrunner::runner	INFO	Running command: "C:\\Program Files\\Mozilla Firefox\\firefox.exe" "--marionette" "-foreground" "-no-remote" "-profile" "C:\\Users\\Sharayu\\AppData\\Local\\Temp\\rust_mozprofilef2C6g7"
console.warn: SearchSettings: "get: No settings file exists, new profile?" (new Error("", "(unknown module)"))
1612758849192	Marionette	INFO	Listening on port 65061
1612758849474	Marionette	WARN	TLS certificate errors will be ignored for this session
1612758849484	Marionette	ERROR	[15] No reply from Marionette:Register
Feb 08, 2021 10:04:09 AM org.openqa.selenium.remote.ProtocolHandshake createSession
INFO: Detected dialect: W3C
]]></system-err>
  </testcase>
  <testcase name="checkForgotPasswordLinkTest" classname="kite.qa.testScripts.LoginPage2Test" time="4.548"/>
  <testcase name="checkTitleTest" classname="kite.qa.testScripts.LoginPageTest" time="0.005"/>
</testsuite>